=== Información del sistema ===
Fecha y hora: 2025-05-14 20:41:46
CPU Uso: CPU 1: 26.86% | CPU 2: 13.96% | CPU 3: 29.56% | CPU 4: 13.48% | CPU 5: 19.12% | CPU 6: 20.57% | CPU 7: 32.09% | CPU 8: 16.00%
Memoria total: 16 MB, Memoria usada: 11 MB
Procesos más demandantes de RAM:
[4256] rust-analyzer.exe (Mem: 1201.93 MB) | [22052] Code.exe (Mem: 933.32 MB) | [2452] brave.exe (Mem: 381.32 MB) | [19312] Code.exe (Mem: 356.14 MB) | [19372] Code.exe (Mem: 273.23 MB)
Discos:
[D:\][Tipo: HDD] Lectura: 4041.50 MB | Escritura: 5957.12 MB | [C:\][Tipo: SSD] Lectura: 28112.07 MB | Escritura: 28937.95 MB
Redes:
Wi-Fi: 0.00 Mbps (down) / 0.00 Mbps (up)
Datos insertados en SQLite exitosamente.
=====================================

=== Información del sistema ===
Fecha y hora: 2025-05-14 20:41:56
CPU Uso: CPU 1: 15.93% | CPU 2: 6.44% | CPU 3: 18.50% | CPU 4: 7.25% | CPU 5: 12.27% | CPU 6: 16.71% | CPU 7: 18.57% | CPU 8: 6.86%
Memoria total: 16 MB, Memoria usada: 11 MB
Procesos más demandantes de RAM:
[4256] rust-analyzer.exe (Mem: 1201.93 MB) | [22052] Code.exe (Mem: 933.30 MB) | [2452] brave.exe (Mem: 382.25 MB) | [19312] Code.exe (Mem: 356.76 MB) | [19372] Code.exe (Mem: 273.23 MB)
Discos:
[D:\][Tipo: HDD] Lectura: 4041.50 MB | Escritura: 5957.31 MB | [C:\][Tipo: SSD] Lectura: 28112.18 MB | Escritura: 28938.42 MB
Redes:
Wi-Fi: 0.01 Mbps (down) / 0.01 Mbps (up)
Datos insertados en SQLite exitosamente.
=====================================

=== Información del sistema ===
Fecha y hora: 2025-05-14 20:42:26
CPU Uso: CPU 1: 99.71% | CPU 2: 99.40% | CPU 3: 99.61% | CPU 4: 99.51% | CPU 5: 99.69% | CPU 6: 99.53% | CPU 7: 99.70% | CPU 8: 99.40%
Memoria total: 16 MB, Memoria usada: 11 MB
Procesos más demandantes de RAM:
[4256] rust-analyzer.exe (Mem: 1201.93 MB) | [22052] Code.exe (Mem: 933.38 MB) | [2452] brave.exe (Mem: 379.12 MB) | [19312] Code.exe (Mem: 355.70 MB) | [19372] Code.exe (Mem: 273.23 MB)
Discos:
[D:\][Tipo: HDD] Lectura: 4041.50 MB | Escritura: 5957.59 MB | [C:\][Tipo: SSD] Lectura: 28113.04 MB | Escritura: 28939.74 MB
Redes:
Wi-Fi: 0.02 Mbps (down) / 0.09 Mbps (up)
Datos insertados en SQLite exitosamente.
=====================================

=== Información del sistema ===
Fecha y hora: 2025-05-14 20:43:17
CPU Uso: CPU 1: 100.00% | CPU 2: 100.00% | CPU 3: 100.00% | CPU 4: 100.00% | CPU 5: 100.00% | CPU 6: 100.00% | CPU 7: 100.00% | CPU 8: 100.00%
Memoria total: 16 MB, Memoria usada: 11 MB
Procesos más demandantes de RAM:
[4256] rust-analyzer.exe (Mem: 1201.93 MB) | [22052] Code.exe (Mem: 932.99 MB) | [2452] brave.exe (Mem: 380.70 MB) | [19312] Code.exe (Mem: 356.82 MB) | [19372] Code.exe (Mem: 273.23 MB)
Discos:
[D:\][Tipo: HDD] Lectura: 4041.50 MB | Escritura: 5957.93 MB | [C:\][Tipo: SSD] Lectura: 28113.82 MB | Escritura: 28942.30 MB
Redes:
Wi-Fi: 0.00 Mbps (down) / 0.01 Mbps (up)
Datos insertados en SQLite exitosamente.
=====================================

=== Información del sistema ===
Fecha y hora: 2025-05-14 20:43:29
CPU Uso: CPU 1: 27.83% | CPU 2: 13.79% | CPU 3: 25.45% | CPU 4: 16.30% | CPU 5: 23.35% | CPU 6: 21.06% | CPU 7: 28.32% | CPU 8: 18.12%
Memoria total: 16 MB, Memoria usada: 11 MB
Procesos más demandantes de RAM:
[4256] rust-analyzer.exe (Mem: 1201.93 MB) | [22052] Code.exe (Mem: 932.77 MB) | [2452] brave.exe (Mem: 381.89 MB) | [19312] Code.exe (Mem: 356.76 MB) | [19372] Code.exe (Mem: 273.23 MB)
Discos:
[D:\][Tipo: HDD] Lectura: 4041.50 MB | Escritura: 5958.09 MB | [C:\][Tipo: SSD] Lectura: 28117.32 MB | Escritura: 28943.26 MB
Redes:
Wi-Fi: 0.02 Mbps (down) / 0.01 Mbps (up)
Datos insertados en SQLite exitosamente.
=====================================

=== Información del sistema ===
Fecha y hora: 2025-05-14 20:43:40
CPU Uso: CPU 1: 40.94% | CPU 2: 27.30% | CPU 3: 39.72% | CPU 4: 36.32% | CPU 5: 42.68% | CPU 6: 31.77% | CPU 7: 42.94% | CPU 8: 29.42%
Memoria total: 16 MB, Memoria usada: 11 MB
Procesos más demandantes de RAM:
[22052] Code.exe (Mem: 932.82 MB) | [2452] brave.exe (Mem: 378.23 MB) | [19312] Code.exe (Mem: 357.18 MB) | [19372] Code.exe (Mem: 272.75 MB) | [8076] brave.exe (Mem: 259.68 MB)
Discos:
[D:\][Tipo: HDD] Lectura: 4041.50 MB | Escritura: 5958.32 MB | [C:\][Tipo: SSD] Lectura: 28117.89 MB | Escritura: 28969.41 MB
Redes:
Wi-Fi: 0.01 Mbps (down) / 0.02 Mbps (up)
Datos insertados en SQLite exitosamente.
=====================================

=== Información del sistema ===
Fecha y hora: 2025-05-14 20:43:50
CPU Uso: CPU 1: 44.00% | CPU 2: 28.11% | CPU 3: 48.24% | CPU 4: 29.05% | CPU 5: 41.85% | CPU 6: 29.85% | CPU 7: 43.85% | CPU 8: 29.46%
Memoria total: 16 MB, Memoria usada: 10 MB
Procesos más demandantes de RAM:
[22052] Code.exe (Mem: 932.83 MB) | [2452] brave.exe (Mem: 377.04 MB) | [19312] Code.exe (Mem: 357.17 MB) | [19372] Code.exe (Mem: 272.75 MB) | [11772] Code.exe (Mem: 260.46 MB)
Discos:
[D:\][Tipo: HDD] Lectura: 4041.50 MB | Escritura: 5958.45 MB | [C:\][Tipo: SSD] Lectura: 28118.64 MB | Escritura: 28970.39 MB
Redes:
Wi-Fi: 0.00 Mbps (down) / 0.01 Mbps (up)
Datos insertados en SQLite exitosamente.
=====================================

=== Información del sistema ===
Fecha y hora: 2025-05-14 20:44:01
CPU Uso: CPU 1: 24.47% | CPU 2: 11.18% | CPU 3: 21.02% | CPU 4: 13.26% | CPU 5: 21.30% | CPU 6: 14.17% | CPU 7: 16.20% | CPU 8: 44.98%
Memoria total: 16 MB, Memoria usada: 10 MB
Procesos más demandantes de RAM:
[22052] Code.exe (Mem: 932.79 MB) | [8076] brave.exe (Mem: 454.87 MB) | [2452] brave.exe (Mem: 377.57 MB) | [19312] Code.exe (Mem: 357.18 MB) | [19372] Code.exe (Mem: 272.75 MB)
Discos:
[D:\][Tipo: HDD] Lectura: 4041.50 MB | Escritura: 5958.63 MB | [C:\][Tipo: SSD] Lectura: 28118.88 MB | Escritura: 28971.35 MB
Redes:
Wi-Fi: 0.01 Mbps (down) / 0.00 Mbps (up)
Datos insertados en SQLite exitosamente.
=====================================

=== Información del sistema ===
Fecha y hora: 2025-05-14 20:44:11
CPU Uso: CPU 1: 38.87% | CPU 2: 29.85% | CPU 3: 42.44% | CPU 4: 31.50% | CPU 5: 37.38% | CPU 6: 31.14% | CPU 7: 35.23% | CPU 8: 47.42%
Memoria total: 16 MB, Memoria usada: 10 MB
Procesos más demandantes de RAM:
[22052] Code.exe (Mem: 933.32 MB) | [2452] brave.exe (Mem: 377.97 MB) | [19312] Code.exe (Mem: 357.38 MB) | [19372] Code.exe (Mem: 272.75 MB) | [8076] brave.exe (Mem: 264.96 MB)
Discos:
[D:\][Tipo: HDD] Lectura: 4041.50 MB | Escritura: 5958.86 MB | [C:\][Tipo: SSD] Lectura: 28120.84 MB | Escritura: 28972.00 MB
Redes:
Wi-Fi: 0.05 Mbps (down) / 0.04 Mbps (up)
Datos insertados en SQLite exitosamente.
=====================================

=== Información del sistema ===
Fecha y hora: 2025-05-14 20:44:22
CPU Uso: CPU 1: 25.59% | CPU 2: 12.47% | CPU 3: 24.15% | CPU 4: 15.61% | CPU 5: 22.05% | CPU 6: 21.49% | CPU 7: 24.38% | CPU 8: 20.88%
Memoria total: 16 MB, Memoria usada: 10 MB
Procesos más demandantes de RAM:
[22052] Code.exe (Mem: 932.85 MB) | [2452] brave.exe (Mem: 379.60 MB) | [19312] Code.exe (Mem: 357.27 MB) | [8076] brave.exe (Mem: 285.80 MB) | [19372] Code.exe (Mem: 272.75 MB)
Discos:
[D:\][Tipo: HDD] Lectura: 4041.50 MB | Escritura: 5959.00 MB | [C:\][Tipo: SSD] Lectura: 28120.96 MB | Escritura: 28973.23 MB
Redes:
Wi-Fi: 0.00 Mbps (down) / 0.02 Mbps (up)
Datos insertados en SQLite exitosamente.
=====================================

=== Información del sistema ===
Fecha y hora: 2025-05-14 20:44:32
CPU Uso: CPU 1: 42.25% | CPU 2: 29.54% | CPU 3: 44.16% | CPU 4: 28.70% | CPU 5: 38.64% | CPU 6: 33.19% | CPU 7: 39.18% | CPU 8: 46.90%
Memoria total: 16 MB, Memoria usada: 11 MB
Procesos más demandantes de RAM:
[22052] Code.exe (Mem: 932.88 MB) | [8076] brave.exe (Mem: 464.45 MB) | [2452] brave.exe (Mem: 380.68 MB) | [19312] Code.exe (Mem: 358.01 MB) | [19372] Code.exe (Mem: 272.75 MB)
Discos:
[D:\][Tipo: HDD] Lectura: 4041.50 MB | Escritura: 5959.25 MB | [C:\][Tipo: SSD] Lectura: 28132.28 MB | Escritura: 28974.09 MB
Redes:
Wi-Fi: 0.10 Mbps (down) / 0.01 Mbps (up)
Datos insertados en SQLite exitosamente.
=====================================

=== Información del sistema ===
Fecha y hora: 2025-05-14 20:44:42
CPU Uso: CPU 1: 41.14% | CPU 2: 28.28% | CPU 3: 40.27% | CPU 4: 31.21% | CPU 5: 39.64% | CPU 6: 30.16% | CPU 7: 36.95% | CPU 8: 40.34%
Memoria total: 16 MB, Memoria usada: 10 MB
Procesos más demandantes de RAM:
[22052] Code.exe (Mem: 932.88 MB) | [2452] brave.exe (Mem: 379.79 MB) | [19312] Code.exe (Mem: 357.77 MB) | [19372] Code.exe (Mem: 272.75 MB) | [8076] brave.exe (Mem: 271.09 MB)
Discos:
[D:\][Tipo: HDD] Lectura: 4041.50 MB | Escritura: 5960.89 MB | [C:\][Tipo: SSD] Lectura: 28133.23 MB | Escritura: 29006.26 MB
Redes:
Wi-Fi: 0.02 Mbps (down) / 0.02 Mbps (up)
Datos insertados en SQLite exitosamente.
=====================================

=== Información del sistema ===
Fecha y hora: 2025-05-14 20:44:53
CPU Uso: CPU 1: 25.47% | CPU 2: 9.17% | CPU 3: 18.08% | CPU 4: 16.23% | CPU 5: 21.68% | CPU 6: 13.10% | CPU 7: 15.93% | CPU 8: 44.12%
Memoria total: 16 MB, Memoria usada: 10 MB
Procesos más demandantes de RAM:
[22052] Code.exe (Mem: 932.88 MB) | [8076] brave.exe (Mem: 439.30 MB) | [2452] brave.exe (Mem: 376.21 MB) | [19312] Code.exe (Mem: 357.82 MB) | [19372] Code.exe (Mem: 272.75 MB)
Discos:
[D:\][Tipo: HDD] Lectura: 4041.50 MB | Escritura: 5961.04 MB | [C:\][Tipo: SSD] Lectura: 28133.46 MB | Escritura: 29006.90 MB
Redes:
Wi-Fi: 0.01 Mbps (down) / 0.00 Mbps (up)
Datos insertados en SQLite exitosamente.
=====================================

=== Información del sistema ===
Fecha y hora: 2025-05-14 20:45:03
CPU Uso: CPU 1: 29.33% | CPU 2: 12.50% | CPU 3: 26.68% | CPU 4: 18.50% | CPU 5: 25.60% | CPU 6: 16.74% | CPU 7: 18.92% | CPU 8: 43.09%
Memoria total: 16 MB, Memoria usada: 10 MB
Procesos más demandantes de RAM:
[22052] Code.exe (Mem: 932.88 MB) | [8076] brave.exe (Mem: 491.02 MB) | [2452] brave.exe (Mem: 377.55 MB) | [19312] Code.exe (Mem: 357.84 MB) | [19372] Code.exe (Mem: 272.75 MB)
Discos:
[D:\][Tipo: HDD] Lectura: 4041.50 MB | Escritura: 5961.27 MB | [C:\][Tipo: SSD] Lectura: 28133.78 MB | Escritura: 29007.63 MB
Redes:
Wi-Fi: 0.01 Mbps (down) / 0.00 Mbps (up)
Datos insertados en SQLite exitosamente.
=====================================

=== Información del sistema ===
Fecha y hora: 2025-05-14 20:45:13
CPU Uso: CPU 1: 23.81% | CPU 2: 9.31% | CPU 3: 17.31% | CPU 4: 13.72% | CPU 5: 22.22% | CPU 6: 13.30% | CPU 7: 15.47% | CPU 8: 48.87%
Memoria total: 16 MB, Memoria usada: 11 MB
Procesos más demandantes de RAM:
[22052] Code.exe (Mem: 932.89 MB) | [8076] brave.exe (Mem: 511.54 MB) | [2452] brave.exe (Mem: 378.13 MB) | [19312] Code.exe (Mem: 357.79 MB) | [19372] Code.exe (Mem: 272.75 MB)
Discos:
[D:\][Tipo: HDD] Lectura: 4041.50 MB | Escritura: 5961.45 MB | [C:\][Tipo: SSD] Lectura: 28133.92 MB | Escritura: 29008.20 MB
Redes:
Wi-Fi: 0.01 Mbps (down) / 0.02 Mbps (up)
Datos insertados en SQLite exitosamente.
=====================================

=== Información del sistema ===
Fecha y hora: 2025-05-14 20:45:24
CPU Uso: CPU 1: 26.65% | CPU 2: 13.96% | CPU 3: 27.86% | CPU 4: 15.66% | CPU 5: 24.61% | CPU 6: 23.25% | CPU 7: 25.08% | CPU 8: 19.03%
Memoria total: 16 MB, Memoria usada: 10 MB
Procesos más demandantes de RAM:
[22052] Code.exe (Mem: 933.02 MB) | [8076] brave.exe (Mem: 498.49 MB) | [2452] brave.exe (Mem: 374.94 MB) | [19312] Code.exe (Mem: 357.82 MB) | [19372] Code.exe (Mem: 272.75 MB)
Discos:
[D:\][Tipo: HDD] Lectura: 4041.50 MB | Escritura: 5961.57 MB | [C:\][Tipo: SSD] Lectura: 28133.98 MB | Escritura: 29009.04 MB
Redes:
Wi-Fi: 0.02 Mbps (down) / 0.01 Mbps (up)
Datos insertados en SQLite exitosamente.
=====================================

=== Información del sistema ===
Fecha y hora: 2025-05-14 20:45:34
CPU Uso: CPU 1: 28.96% | CPU 2: 12.60% | CPU 3: 21.08% | CPU 4: 17.70% | CPU 5: 23.53% | CPU 6: 16.00% | CPU 7: 20.87% | CPU 8: 34.99%
Memoria total: 16 MB, Memoria usada: 10 MB
Procesos más demandantes de RAM:
[22052] Code.exe (Mem: 933.00 MB) | [8076] brave.exe (Mem: 506.48 MB) | [2452] brave.exe (Mem: 376.46 MB) | [19312] Code.exe (Mem: 357.77 MB) | [19372] Code.exe (Mem: 272.75 MB)
Discos:
[D:\][Tipo: HDD] Lectura: 4041.50 MB | Escritura: 5961.75 MB | [C:\][Tipo: SSD] Lectura: 28134.19 MB | Escritura: 29009.55 MB
Redes:
Wi-Fi: 0.01 Mbps (down) / 0.02 Mbps (up)
Datos insertados en SQLite exitosamente.
=====================================

=== Información del sistema ===
Fecha y hora: 2025-05-14 20:45:44
CPU Uso: CPU 1: 25.58% | CPU 2: 10.15% | CPU 3: 16.88% | CPU 4: 17.24% | CPU 5: 18.40% | CPU 6: 12.98% | CPU 7: 15.33% | CPU 8: 49.71%
Memoria total: 16 MB, Memoria usada: 11 MB
Procesos más demandantes de RAM:
[22052] Code.exe (Mem: 933.00 MB) | [8076] brave.exe (Mem: 521.48 MB) | [2452] brave.exe (Mem: 374.99 MB) | [19312] Code.exe (Mem: 357.59 MB) | [19372] Code.exe (Mem: 272.75 MB)
Discos:
[D:\][Tipo: HDD] Lectura: 4041.50 MB | Escritura: 5961.94 MB | [C:\][Tipo: SSD] Lectura: 28134.19 MB | Escritura: 29010.45 MB
Redes:
Wi-Fi: 0.01 Mbps (down) / 0.00 Mbps (up)
Datos insertados en SQLite exitosamente.
=====================================

=== Información del sistema ===
Fecha y hora: 2025-05-14 20:45:55
CPU Uso: CPU 1: 25.43% | CPU 2: 11.63% | CPU 3: 17.69% | CPU 4: 14.83% | CPU 5: 16.67% | CPU 6: 13.35% | CPU 7: 17.67% | CPU 8: 47.18%
Memoria total: 16 MB, Memoria usada: 11 MB
Procesos más demandantes de RAM:
[22052] Code.exe (Mem: 933.01 MB) | [8076] brave.exe (Mem: 529.96 MB) | [2452] brave.exe (Mem: 376.13 MB) | [19312] Code.exe (Mem: 357.61 MB) | [19372] Code.exe (Mem: 272.75 MB)
Discos:
[D:\][Tipo: HDD] Lectura: 4041.50 MB | Escritura: 5962.11 MB | [C:\][Tipo: SSD] Lectura: 28134.26 MB | Escritura: 29011.01 MB
Redes:
Wi-Fi: 0.01 Mbps (down) / 0.00 Mbps (up)
Datos insertados en SQLite exitosamente.
=====================================

=== Información del sistema ===
Fecha y hora: 2025-05-14 20:46:05
CPU Uso: CPU 1: 24.63% | CPU 2: 10.26% | CPU 3: 17.74% | CPU 4: 15.47% | CPU 5: 21.28% | CPU 6: 12.25% | CPU 7: 14.09% | CPU 8: 49.87%
Memoria total: 16 MB, Memoria usada: 11 MB
Procesos más demandantes de RAM:
[22052] Code.exe (Mem: 933.04 MB) | [8076] brave.exe (Mem: 554.11 MB) | [2452] brave.exe (Mem: 377.19 MB) | [19312] Code.exe (Mem: 357.67 MB) | [19372] Code.exe (Mem: 272.75 MB)
Discos:
[D:\][Tipo: HDD] Lectura: 4041.50 MB | Escritura: 5962.39 MB | [C:\][Tipo: SSD] Lectura: 28134.85 MB | Escritura: 29011.35 MB
Redes:
Wi-Fi: 0.01 Mbps (down) / 0.01 Mbps (up)
Datos insertados en SQLite exitosamente.
=====================================

=== Información del sistema ===
Fecha y hora: 2025-05-14 20:46:15
CPU Uso: CPU 1: 24.60% | CPU 2: 9.84% | CPU 3: 16.62% | CPU 4: 14.41% | CPU 5: 18.00% | CPU 6: 12.29% | CPU 7: 14.51% | CPU 8: 54.07%
Memoria total: 16 MB, Memoria usada: 11 MB
Procesos más demandantes de RAM:
[22052] Code.exe (Mem: 933.02 MB) | [8076] brave.exe (Mem: 575.62 MB) | [2452] brave.exe (Mem: 378.73 MB) | [19312] Code.exe (Mem: 357.64 MB) | [19372] Code.exe (Mem: 272.75 MB)
Discos:
[D:\][Tipo: HDD] Lectura: 4043.93 MB | Escritura: 5965.48 MB | [C:\][Tipo: SSD] Lectura: 28135.30 MB | Escritura: 29011.91 MB
Redes:
Wi-Fi: 0.01 Mbps (down) / 0.00 Mbps (up)
Datos insertados en SQLite exitosamente.
=====================================

=== Información del sistema ===
Fecha y hora: 2025-05-14 20:46:26
CPU Uso: CPU 1: 25.85% | CPU 2: 9.82% | CPU 3: 18.54% | CPU 4: 14.26% | CPU 5: 18.11% | CPU 6: 12.62% | CPU 7: 17.70% | CPU 8: 52.23%
Memoria total: 16 MB, Memoria usada: 11 MB
Procesos más demandantes de RAM:
[22052] Code.exe (Mem: 933.02 MB) | [8076] brave.exe (Mem: 586.26 MB) | [2452] brave.exe (Mem: 377.18 MB) | [19312] Code.exe (Mem: 357.68 MB) | [19372] Code.exe (Mem: 272.75 MB)
Discos:
[D:\][Tipo: HDD] Lectura: 4043.93 MB | Escritura: 5965.67 MB | [C:\][Tipo: SSD] Lectura: 28135.30 MB | Escritura: 29012.32 MB
Redes:
Wi-Fi: 0.01 Mbps (down) / 0.01 Mbps (up)
Datos insertados en SQLite exitosamente.
=====================================

=== Información del sistema ===
Fecha y hora: 2025-05-14 20:50:20
CPU Uso: CPU 1: 60.98% | CPU 2: 55.61% | CPU 3: 61.78% | CPU 4: 57.31% | CPU 5: 64.04% | CPU 6: 59.87% | CPU 7: 68.07% | CPU 8: 57.72%
Memoria total: 16221.05 MB, Memoria usada: 11090.58 MB
Procesos más demandantes de RAM:
[22052] Code.exe (Mem: 936.65 MB) | [2452] brave.exe (Mem: 378.64 MB) | [19312] Code.exe (Mem: 376.76 MB) | [8076] brave.exe (Mem: 335.70 MB) | [19372] Code.exe (Mem: 272.75 MB)
Discos:
[D:\][Tipo: HDD] Lectura: 4128.22 MB | Escritura: 6024.92 MB | [C:\][Tipo: SSD] Lectura: 28209.09 MB | Escritura: 29068.11 MB
Redes:
Wi-Fi: 0.04 Mbps (down) / 0.08 Mbps (up)
Datos insertados en SQLite exitosamente.
=====================================

=== Información del sistema ===
Fecha y hora: 2025-05-14 20:51:23
CPU Uso: CPU 1: 100.00% | CPU 2: 100.00% | CPU 3: 100.00% | CPU 4: 100.00% | CPU 5: 100.00% | CPU 6: 100.00% | CPU 7: 100.00% | CPU 8: 100.00%
Memoria total: 16221.05 MB, Memoria usada: 11102.93 MB
Procesos más demandantes de RAM:
[22052] Code.exe (Mem: 936.65 MB) | [19312] Code.exe (Mem: 377.47 MB) | [2452] brave.exe (Mem: 376.62 MB) | [8076] brave.exe (Mem: 335.57 MB) | [19372] Code.exe (Mem: 272.75 MB)
Discos:
[D:\][Tipo: HDD] Lectura: 4128.28 MB | Escritura: 6025.23 MB | [C:\][Tipo: SSD] Lectura: 28222.37 MB | Escritura: 29076.39 MB
Redes:
Wi-Fi: 0.03 Mbps (down) / 0.02 Mbps (up)
Datos insertados en SQLite exitosamente.
=====================================

=== Información del sistema ===
Fecha y hora: 2025-05-14 20:51:38
CPU Uso: CPU 1: 100.00% | CPU 2: 100.00% | CPU 3: 100.00% | CPU 4: 100.00% | CPU 5: 100.00% | CPU 6: 100.00% | CPU 7: 100.00% | CPU 8: 100.00%
Memoria total: 16221.05 MB, Memoria usada: 11110.66 MB
Procesos más demandantes de RAM:
[22052] Code.exe (Mem: 936.66 MB) | [2452] brave.exe (Mem: 377.48 MB) | [19312] Code.exe (Mem: 377.47 MB) | [8076] brave.exe (Mem: 335.57 MB) | [19372] Code.exe (Mem: 272.75 MB)
Discos:
[D:\][Tipo: HDD] Lectura: 4128.30 MB | Escritura: 6025.47 MB | [C:\][Tipo: SSD] Lectura: 28223.03 MB | Escritura: 29077.33 MB
Redes:
Wi-Fi: 0.00 Mbps (down) / 0.00 Mbps (up)
Datos insertados en SQLite exitosamente.
=====================================

=== Información del sistema ===
Fecha y hora: 2025-05-14 20:51:53
CPU Uso: CPU 1: 100.00% | CPU 2: 100.00% | CPU 3: 100.00% | CPU 4: 100.00% | CPU 5: 100.00% | CPU 6: 100.00% | CPU 7: 100.00% | CPU 8: 100.00%
Memoria total: 16221.05 MB, Memoria usada: 11081.44 MB
Procesos más demandantes de RAM:
[22052] Code.exe (Mem: 936.66 MB) | [2452] brave.exe (Mem: 388.02 MB) | [8076] brave.exe (Mem: 335.57 MB) | [19312] Code.exe (Mem: 328.48 MB) | [19372] Code.exe (Mem: 272.75 MB)
Discos:
[D:\][Tipo: HDD] Lectura: 4128.30 MB | Escritura: 6025.66 MB | [C:\][Tipo: SSD] Lectura: 28229.24 MB | Escritura: 29077.84 MB
Redes:
Wi-Fi: 0.00 Mbps (down) / 0.00 Mbps (up)
Datos insertados en SQLite exitosamente.
=====================================

=== Información del sistema ===
Fecha y hora: 2025-05-14 20:52:08
CPU Uso: CPU 1: 100.00% | CPU 2: 100.00% | CPU 3: 100.00% | CPU 4: 100.00% | CPU 5: 100.00% | CPU 6: 100.00% | CPU 7: 100.00% | CPU 8: 100.00%
Memoria total: 16221.05 MB, Memoria usada: 11077.67 MB
Procesos más demandantes de RAM:
[22052] Code.exe (Mem: 936.67 MB) | [2452] brave.exe (Mem: 390.49 MB) | [19312] Code.exe (Mem: 331.61 MB) | [8076] brave.exe (Mem: 323.59 MB) | [19372] Code.exe (Mem: 272.75 MB)
Discos:
[D:\][Tipo: HDD] Lectura: 4128.30 MB | Escritura: 6025.85 MB | [C:\][Tipo: SSD] Lectura: 28229.69 MB | Escritura: 29078.81 MB
Redes:
Wi-Fi: 0.01 Mbps (down) / 0.01 Mbps (up)
Datos insertados en SQLite exitosamente.
=====================================

=== Información del sistema ===
Fecha y hora: 2025-05-14 20:53:02
CPU Uso: CPU 1: 100.00% | CPU 2: 100.00% | CPU 3: 100.00% | CPU 4: 100.00% | CPU 5: 100.00% | CPU 6: 100.00% | CPU 7: 100.00% | CPU 8: 100.00%
Memoria total: 16221.05 MB, Memoria usada: 11065.66 MB
Procesos más demandantes de RAM:
[22052] Code.exe (Mem: 936.68 MB) | [2452] brave.exe (Mem: 385.78 MB) | [19312] Code.exe (Mem: 333.35 MB) | [8076] brave.exe (Mem: 312.37 MB) | [19372] Code.exe (Mem: 272.75 MB)
Discos:
[D:\][Tipo: HDD] Lectura: 4128.30 MB | Escritura: 6026.12 MB | [C:\][Tipo: SSD] Lectura: 28231.14 MB | Escritura: 29081.89 MB
Redes:
Wi-Fi: 0.00 Mbps (down) / 0.00 Mbps (up)
Datos insertados en SQLite exitosamente.
=====================================

=== Información del sistema ===
Fecha y hora: 2025-05-14 20:53:16
CPU Uso: CPU 1: 29.60% | CPU 2: 24.30% | CPU 3: 33.72% | CPU 4: 19.08% | CPU 5: 29.17% | CPU 6: 26.00% | CPU 7: 33.30% | CPU 8: 18.47%
Memoria total: 16221.05 MB, Memoria usada: 11088.56 MB
Procesos más demandantes de RAM:
[22052] Code.exe (Mem: 936.84 MB) | [2452] brave.exe (Mem: 387.14 MB) | [19312] Code.exe (Mem: 332.99 MB) | [8076] brave.exe (Mem: 312.37 MB) | [19372] Code.exe (Mem: 272.75 MB)
Discos:
[D:\][Tipo: HDD] Lectura: 4128.48 MB | Escritura: 6026.39 MB | [C:\][Tipo: SSD] Lectura: 28251.03 MB | Escritura: 29082.82 MB
Redes:
Wi-Fi: 0.02 Mbps (down) / 0.02 Mbps (up)
Datos insertados en SQLite exitosamente.
=====================================

=== Información del sistema ===
Fecha y hora: 2025-05-14 20:53:26
CPU Uso: CPU 1: 34.92% | CPU 2: 23.25% | CPU 3: 33.10% | CPU 4: 26.07% | CPU 5: 31.75% | CPU 6: 26.52% | CPU 7: 30.45% | CPU 8: 35.71%
Memoria total: 16221.05 MB, Memoria usada: 11189.39 MB
Procesos más demandantes de RAM:
[22052] Code.exe (Mem: 936.69 MB) | [8076] brave.exe (Mem: 395.14 MB) | [2452] brave.exe (Mem: 385.86 MB) | [19312] Code.exe (Mem: 326.41 MB) | [19372] Code.exe (Mem: 272.75 MB)
Discos:
[D:\][Tipo: HDD] Lectura: 4128.48 MB | Escritura: 6026.63 MB | [C:\][Tipo: SSD] Lectura: 28251.21 MB | Escritura: 29083.68 MB
Redes:
Wi-Fi: 0.00 Mbps (down) / 0.00 Mbps (up)
Datos insertados en SQLite exitosamente.
=====================================

=== Información del sistema ===
Fecha y hora: 2025-05-14 20:53:37
CPU Uso: CPU 1: 41.68% | CPU 2: 26.56% | CPU 3: 38.44% | CPU 4: 32.02% | CPU 5: 37.61% | CPU 6: 30.44% | CPU 7: 37.21% | CPU 8: 37.46%
Memoria total: 16221.05 MB, Memoria usada: 11153.12 MB
Procesos más demandantes de RAM:
[22052] Code.exe (Mem: 936.69 MB) | [8076] brave.exe (Mem: 400.82 MB) | [2452] brave.exe (Mem: 384.93 MB) | [19312] Code.exe (Mem: 329.60 MB) | [19372] Code.exe (Mem: 272.75 MB)
Discos:
[D:\][Tipo: HDD] Lectura: 4128.48 MB | Escritura: 6026.80 MB | [C:\][Tipo: SSD] Lectura: 28251.90 MB | Escritura: 29084.80 MB
Redes:
Wi-Fi: 0.03 Mbps (down) / 0.27 Mbps (up)
Datos insertados en SQLite exitosamente.
=====================================

=== Información del sistema ===
Fecha y hora: 2025-05-14 20:53:47
CPU Uso: CPU 1: 30.03% | CPU 2: 13.43% | CPU 3: 28.52% | CPU 4: 17.25% | CPU 5: 25.25% | CPU 6: 20.52% | CPU 7: 24.08% | CPU 8: 36.65%
Memoria total: 16221.05 MB, Memoria usada: 11079.88 MB
Procesos más demandantes de RAM:
[22052] Code.exe (Mem: 726.39 MB) | [8076] brave.exe (Mem: 441.73 MB) | [2452] brave.exe (Mem: 387.10 MB) | [19312] Code.exe (Mem: 331.86 MB) | [19372] Code.exe (Mem: 272.21 MB)
Discos:
[D:\][Tipo: HDD] Lectura: 4128.48 MB | Escritura: 6026.93 MB | [C:\][Tipo: SSD] Lectura: 28252.35 MB | Escritura: 29131.49 MB
Redes:
Wi-Fi: 0.01 Mbps (down) / 0.03 Mbps (up)
Datos insertados en SQLite exitosamente.
=====================================

=== Información del sistema ===
Fecha y hora: 2025-05-14 20:53:58
CPU Uso: CPU 1: 30.63% | CPU 2: 13.30% | CPU 3: 22.46% | CPU 4: 17.65% | CPU 5: 25.66% | CPU 6: 16.77% | CPU 7: 18.36% | CPU 8: 50.66%
Memoria total: 16221.05 MB, Memoria usada: 11082.59 MB
Procesos más demandantes de RAM:
[22052] Code.exe (Mem: 726.39 MB) | [8076] brave.exe (Mem: 444.60 MB) | [2452] brave.exe (Mem: 385.45 MB) | [19312] Code.exe (Mem: 331.84 MB) | [19372] Code.exe (Mem: 272.21 MB)
Discos:
[D:\][Tipo: HDD] Lectura: 4128.48 MB | Escritura: 6027.16 MB | [C:\][Tipo: SSD] Lectura: 28252.48 MB | Escritura: 29131.98 MB
Redes:
Wi-Fi: 0.01 Mbps (down) / 0.00 Mbps (up)
Datos insertados en SQLite exitosamente.
=====================================

=== Información del sistema ===
Fecha y hora: 2025-05-14 20:54:08
CPU Uso: CPU 1: 50.16% | CPU 2: 36.48% | CPU 3: 45.33% | CPU 4: 40.98% | CPU 5: 45.00% | CPU 6: 38.74% | CPU 7: 44.06% | CPU 8: 58.74%
Memoria total: 16221.05 MB, Memoria usada: 11110.13 MB
Procesos más demandantes de RAM:
[22052] Code.exe (Mem: 726.43 MB) | [8076] brave.exe (Mem: 468.78 MB) | [2452] brave.exe (Mem: 380.69 MB) | [19312] Code.exe (Mem: 331.92 MB) | [19372] Code.exe (Mem: 272.21 MB)
Discos:
[D:\][Tipo: HDD] Lectura: 4128.48 MB | Escritura: 6027.30 MB | [C:\][Tipo: SSD] Lectura: 28252.83 MB | Escritura: 29132.68 MB
Redes:
Wi-Fi: 0.02 Mbps (down) / 0.02 Mbps (up)
Datos insertados en SQLite exitosamente.
=====================================

=== Información del sistema ===
Fecha y hora: 2025-05-14 20:54:18
CPU Uso: CPU 1: 41.97% | CPU 2: 26.41% | CPU 3: 38.30% | CPU 4: 31.90% | CPU 5: 36.35% | CPU 6: 31.42% | CPU 7: 39.62% | CPU 8: 41.46%
Memoria total: 16221.05 MB, Memoria usada: 11112.87 MB
Procesos más demandantes de RAM:
[22052] Code.exe (Mem: 726.44 MB) | [8076] brave.exe (Mem: 464.45 MB) | [2452] brave.exe (Mem: 388.23 MB) | [19312] Code.exe (Mem: 331.93 MB) | [19372] Code.exe (Mem: 272.21 MB)
Discos:
[D:\][Tipo: HDD] Lectura: 4128.48 MB | Escritura: 6027.50 MB | [C:\][Tipo: SSD] Lectura: 28253.76 MB | Escritura: 29133.82 MB
Redes:
Wi-Fi: 0.04 Mbps (down) / 0.43 Mbps (up)
Datos insertados en SQLite exitosamente.
=====================================

=== Información del sistema ===
Fecha y hora: 2025-05-14 20:54:29
CPU Uso: CPU 1: 26.23% | CPU 2: 12.47% | CPU 3: 18.54% | CPU 4: 16.61% | CPU 5: 21.28% | CPU 6: 16.41% | CPU 7: 19.66% | CPU 8: 39.10%
Memoria total: 16221.05 MB, Memoria usada: 11096.44 MB
Procesos más demandantes de RAM:
[22052] Code.exe (Mem: 726.44 MB) | [8076] brave.exe (Mem: 454.40 MB) | [2452] brave.exe (Mem: 388.18 MB) | [19312] Code.exe (Mem: 331.93 MB) | [19372] Code.exe (Mem: 272.21 MB)
Discos:
[D:\][Tipo: HDD] Lectura: 4128.48 MB | Escritura: 6027.73 MB | [C:\][Tipo: SSD] Lectura: 28253.92 MB | Escritura: 29134.67 MB
Redes:
Wi-Fi: 0.03 Mbps (down) / 0.03 Mbps (up)
Datos insertados en SQLite exitosamente.
=====================================

=== Información del sistema ===
Fecha y hora: 2025-05-14 20:54:39
CPU Uso: CPU 1: 17.61% | CPU 2: 7.10% | CPU 3: 14.40% | CPU 4: 7.38% | CPU 5: 16.26% | CPU 6: 16.42% | CPU 7: 18.13% | CPU 8: 9.49%
Memoria total: 16221.05 MB, Memoria usada: 11071.58 MB
Procesos más demandantes de RAM:
[22052] Code.exe (Mem: 726.44 MB) | [8076] brave.exe (Mem: 440.84 MB) | [2452] brave.exe (Mem: 388.45 MB) | [19312] Code.exe (Mem: 331.88 MB) | [19372] Code.exe (Mem: 272.21 MB)
Discos:
[D:\][Tipo: HDD] Lectura: 4128.48 MB | Escritura: 6027.86 MB | [C:\][Tipo: SSD] Lectura: 28254.39 MB | Escritura: 29135.15 MB
Redes:
Wi-Fi: 0.00 Mbps (down) / 0.00 Mbps (up)
Datos insertados en SQLite exitosamente.
=====================================

=== Información del sistema ===
Fecha y hora: 2025-05-14 20:54:50
CPU Uso: CPU 1: 33.74% | CPU 2: 19.55% | CPU 3: 38.60% | CPU 4: 19.62% | CPU 5: 29.75% | CPU 6: 24.69% | CPU 7: 35.73% | CPU 8: 20.77%
Memoria total: 16221.05 MB, Memoria usada: 11086.47 MB
Procesos más demandantes de RAM:
[22052] Code.exe (Mem: 726.70 MB) | [8076] brave.exe (Mem: 442.64 MB) | [2452] brave.exe (Mem: 387.77 MB) | [19312] Code.exe (Mem: 331.54 MB) | [19372] Code.exe (Mem: 272.21 MB)
Discos:
[D:\][Tipo: HDD] Lectura: 4128.48 MB | Escritura: 6028.09 MB | [C:\][Tipo: SSD] Lectura: 28254.39 MB | Escritura: 29135.84 MB
Redes:
Wi-Fi: 0.00 Mbps (down) / 0.00 Mbps (up)
Datos insertados en SQLite exitosamente.
=====================================

=== Información del sistema ===
Fecha y hora: 2025-05-14 20:55:00
CPU Uso: CPU 1: 25.33% | CPU 2: 11.66% | CPU 3: 24.79% | CPU 4: 13.31% | CPU 5: 20.30% | CPU 6: 19.67% | CPU 7: 26.56% | CPU 8: 13.72%
Memoria total: 16221.05 MB, Memoria usada: 11084.02 MB
Procesos más demandantes de RAM:
[22052] Code.exe (Mem: 726.52 MB) | [8076] brave.exe (Mem: 437.96 MB) | [2452] brave.exe (Mem: 387.45 MB) | [19312] Code.exe (Mem: 331.59 MB) | [19372] Code.exe (Mem: 272.21 MB)
Discos:
[D:\][Tipo: HDD] Lectura: 4128.48 MB | Escritura: 6028.31 MB | [C:\][Tipo: SSD] Lectura: 28254.51 MB | Escritura: 29136.81 MB
Redes:
Wi-Fi: 0.00 Mbps (down) / 0.00 Mbps (up)
Datos insertados en SQLite exitosamente.
=====================================

=== Información del sistema ===
Fecha y hora: 2025-05-14 20:55:10
CPU Uso: CPU 1: 30.43% | CPU 2: 20.33% | CPU 3: 34.24% | CPU 4: 28.71% | CPU 5: 31.82% | CPU 6: 24.85% | CPU 7: 38.65% | CPU 8: 25.59%
Memoria total: 16221.05 MB, Memoria usada: 11208.98 MB
Procesos más demandantes de RAM:
[22052] Code.exe (Mem: 797.84 MB) | [8076] brave.exe (Mem: 437.96 MB) | [2452] brave.exe (Mem: 387.61 MB) | [19312] Code.exe (Mem: 331.60 MB) | [11772] Code.exe (Mem: 277.53 MB)
Discos:
[D:\][Tipo: HDD] Lectura: 4128.49 MB | Escritura: 6028.48 MB | [C:\][Tipo: SSD] Lectura: 28255.36 MB | Escritura: 29138.42 MB
Redes:
Wi-Fi: 0.15 Mbps (down) / 0.11 Mbps (up)
Datos insertados en SQLite exitosamente.
=====================================

=== Información del sistema ===
Fecha y hora: 2025-05-14 20:55:21
CPU Uso: CPU 1: 37.61% | CPU 2: 22.02% | CPU 3: 40.22% | CPU 4: 32.73% | CPU 5: 36.80% | CPU 6: 28.12% | CPU 7: 37.54% | CPU 8: 27.47%
Memoria total: 16221.05 MB, Memoria usada: 11228.32 MB
Procesos más demandantes de RAM:
[22052] Code.exe (Mem: 797.89 MB) | [8076] brave.exe (Mem: 448.12 MB) | [2452] brave.exe (Mem: 387.83 MB) | [19312] Code.exe (Mem: 331.60 MB) | [11772] Code.exe (Mem: 275.01 MB)
Discos:
[D:\][Tipo: HDD] Lectura: 4128.49 MB | Escritura: 6028.69 MB | [C:\][Tipo: SSD] Lectura: 28256.20 MB | Escritura: 29139.31 MB
Redes:
Wi-Fi: 0.02 Mbps (down) / 0.08 Mbps (up)
Datos insertados en SQLite exitosamente.
=====================================

=== Información del sistema ===
Fecha y hora: 2025-05-14 20:55:31
CPU Uso: CPU 1: 39.38% | CPU 2: 23.37% | CPU 3: 46.59% | CPU 4: 23.33% | CPU 5: 35.99% | CPU 6: 28.15% | CPU 7: 37.89% | CPU 8: 24.31%
Memoria total: 16221.05 MB, Memoria usada: 11237.70 MB
Procesos más demandantes de RAM:
[22052] Code.exe (Mem: 789.19 MB) | [8076] brave.exe (Mem: 444.12 MB) | [2452] brave.exe (Mem: 387.26 MB) | [19312] Code.exe (Mem: 331.66 MB) | [11772] Code.exe (Mem: 274.57 MB)
Discos:
[D:\][Tipo: HDD] Lectura: 4128.49 MB | Escritura: 6028.91 MB | [C:\][Tipo: SSD] Lectura: 28256.65 MB | Escritura: 29140.41 MB
Redes:
Wi-Fi: 0.01 Mbps (down) / 0.01 Mbps (up)
Datos insertados en SQLite exitosamente.
=====================================

=== Información del sistema ===
Fecha y hora: 2025-05-14 20:55:42
CPU Uso: CPU 1: 26.35% | CPU 2: 12.07% | CPU 3: 27.04% | CPU 4: 12.09% | CPU 5: 23.23% | CPU 6: 19.61% | CPU 7: 27.85% | CPU 8: 14.10%
Memoria total: 16221.05 MB, Memoria usada: 11178.40 MB
Procesos más demandantes de RAM:
[22052] Code.exe (Mem: 730.31 MB) | [8076] brave.exe (Mem: 444.13 MB) | [2452] brave.exe (Mem: 387.92 MB) | [19312] Code.exe (Mem: 331.62 MB) | [11772] Code.exe (Mem: 275.42 MB)
Discos:
[D:\][Tipo: HDD] Lectura: 4128.49 MB | Escritura: 6029.11 MB | [C:\][Tipo: SSD] Lectura: 28256.72 MB | Escritura: 29141.27 MB
Redes:
Wi-Fi: 0.04 Mbps (down) / 0.12 Mbps (up)
Datos insertados en SQLite exitosamente.
=====================================

=== Información del sistema ===
Fecha y hora: 2025-05-14 20:55:52
CPU Uso: CPU 1: 63.19% | CPU 2: 63.17% | CPU 3: 67.09% | CPU 4: 57.67% | CPU 5: 66.21% | CPU 6: 58.58% | CPU 7: 62.73% | CPU 8: 59.14%
Memoria total: 16221.05 MB, Memoria usada: 11500.21 MB
Procesos más demandantes de RAM:
[22052] Code.exe (Mem: 788.83 MB) | [8076] brave.exe (Mem: 444.14 MB) | [2452] brave.exe (Mem: 387.43 MB) | [19312] Code.exe (Mem: 331.66 MB) | [19372] Code.exe (Mem: 272.22 MB)
Discos:
[D:\][Tipo: HDD] Lectura: 4128.49 MB | Escritura: 6029.34 MB | [C:\][Tipo: SSD] Lectura: 28357.94 MB | Escritura: 29144.66 MB
Redes:
Wi-Fi: 0.14 Mbps (down) / 0.20 Mbps (up)
Datos insertados en SQLite exitosamente.
=====================================

=== Información del sistema ===
Fecha y hora: 2025-05-14 20:56:02
CPU Uso: CPU 1: 28.53% | CPU 2: 30.14% | CPU 3: 38.35% | CPU 4: 20.71% | CPU 5: 32.22% | CPU 6: 19.37% | CPU 7: 27.54% | CPU 8: 18.39%
Memoria total: 16221.05 MB, Memoria usada: 11523.04 MB
Procesos más demandantes de RAM:
[22052] Code.exe (Mem: 732.09 MB) | [8076] brave.exe (Mem: 444.07 MB) | [2452] brave.exe (Mem: 384.78 MB) | [19312] Code.exe (Mem: 332.89 MB) | [19372] Code.exe (Mem: 272.22 MB)
Discos:
[D:\][Tipo: HDD] Lectura: 4128.49 MB | Escritura: 6029.48 MB | [C:\][Tipo: SSD] Lectura: 28439.11 MB | Escritura: 29156.04 MB
Redes:
Wi-Fi: 1.38 Mbps (down) / 0.05 Mbps (up)
Datos insertados en SQLite exitosamente.
=====================================

=== Información del sistema ===
Fecha y hora: 2025-05-14 20:56:13
CPU Uso: CPU 1: 62.28% | CPU 2: 47.20% | CPU 3: 58.83% | CPU 4: 52.01% | CPU 5: 54.14% | CPU 6: 52.10% | CPU 7: 57.05% | CPU 8: 50.94%
Memoria total: 16221.05 MB, Memoria usada: 11685.06 MB
Procesos más demandantes de RAM:
[22052] Code.exe (Mem: 730.32 MB) | [8076] brave.exe (Mem: 442.98 MB) | [2452] brave.exe (Mem: 385.79 MB) | [19312] Code.exe (Mem: 332.74 MB) | [18764] Code.exe (Mem: 281.06 MB)
Discos:
[D:\][Tipo: HDD] Lectura: 4128.49 MB | Escritura: 6029.73 MB | [C:\][Tipo: SSD] Lectura: 28508.46 MB | Escritura: 29167.52 MB
Redes:
Wi-Fi: 0.02 Mbps (down) / 0.02 Mbps (up)
Datos insertados en SQLite exitosamente.
=====================================

=== Información del sistema ===
Fecha y hora: 2025-05-14 20:56:23
CPU Uso: CPU 1: 35.49% | CPU 2: 21.14% | CPU 3: 37.22% | CPU 4: 22.48% | CPU 5: 33.22% | CPU 6: 30.15% | CPU 7: 35.11% | CPU 8: 25.38%
Memoria total: 16221.05 MB, Memoria usada: 11601.35 MB
Procesos más demandantes de RAM:
[22052] Code.exe (Mem: 731.11 MB) | [8076] brave.exe (Mem: 442.99 MB) | [2452] brave.exe (Mem: 387.48 MB) | [19312] Code.exe (Mem: 333.88 MB) | [18764] Code.exe (Mem: 279.70 MB)
Discos:
[D:\][Tipo: HDD] Lectura: 4128.49 MB | Escritura: 6029.96 MB | [C:\][Tipo: SSD] Lectura: 28508.68 MB | Escritura: 29168.78 MB
Redes:
Wi-Fi: 0.01 Mbps (down) / 0.01 Mbps (up)
Datos insertados en SQLite exitosamente.
=====================================

=== Información del sistema ===
Fecha y hora: 2025-05-14 20:56:34
CPU Uso: CPU 1: 32.88% | CPU 2: 21.64% | CPU 3: 37.80% | CPU 4: 21.85% | CPU 5: 29.60% | CPU 6: 27.21% | CPU 7: 38.17% | CPU 8: 21.91%
Memoria total: 16221.05 MB, Memoria usada: 11597.89 MB
Procesos más demandantes de RAM:
[22052] Code.exe (Mem: 730.48 MB) | [8076] brave.exe (Mem: 428.54 MB) | [2452] brave.exe (Mem: 385.41 MB) | [19312] Code.exe (Mem: 337.02 MB) | [18764] Code.exe (Mem: 279.70 MB)
Discos:
[D:\][Tipo: HDD] Lectura: 4128.49 MB | Escritura: 6030.11 MB | [C:\][Tipo: SSD] Lectura: 28508.93 MB | Escritura: 29169.12 MB
Redes:
Wi-Fi: 0.01 Mbps (down) / 0.01 Mbps (up)
Datos insertados en SQLite exitosamente.
=====================================

=== Información del sistema ===
Fecha y hora: 2025-05-14 20:56:44
CPU Uso: CPU 1: 44.75% | CPU 2: 30.03% | CPU 3: 50.77% | CPU 4: 29.84% | CPU 5: 43.88% | CPU 6: 32.16% | CPU 7: 42.37% | CPU 8: 29.94%
Memoria total: 16221.05 MB, Memoria usada: 11610.04 MB
Procesos más demandantes de RAM:
[22052] Code.exe (Mem: 730.55 MB) | [8076] brave.exe (Mem: 428.18 MB) | [2452] brave.exe (Mem: 383.55 MB) | [19312] Code.exe (Mem: 336.80 MB) | [18764] Code.exe (Mem: 279.70 MB)
Discos:
[D:\][Tipo: HDD] Lectura: 4128.49 MB | Escritura: 6030.35 MB | [C:\][Tipo: SSD] Lectura: 28509.07 MB | Escritura: 29170.05 MB
Redes:
Wi-Fi: 0.00 Mbps (down) / 0.00 Mbps (up)
Datos insertados en SQLite exitosamente.
=====================================

=== Información del sistema ===
Fecha y hora: 2025-05-14 20:56:54
CPU Uso: CPU 1: 25.46% | CPU 2: 11.03% | CPU 3: 39.22% | CPU 4: 13.53% | CPU 5: 29.31% | CPU 6: 16.46% | CPU 7: 27.83% | CPU 8: 12.85%
Memoria total: 16221.05 MB, Memoria usada: 11635.84 MB
Procesos más demandantes de RAM:
[22052] Code.exe (Mem: 730.59 MB) | [8076] brave.exe (Mem: 421.18 MB) | [2452] brave.exe (Mem: 385.67 MB) | [19312] Code.exe (Mem: 336.73 MB) | [18764] Code.exe (Mem: 279.70 MB)
Discos:
[D:\][Tipo: HDD] Lectura: 4128.49 MB | Escritura: 6030.57 MB | [C:\][Tipo: SSD] Lectura: 28509.88 MB | Escritura: 29170.52 MB
Redes:
Wi-Fi: 103.86 Mbps (down) / 1.40 Mbps (up)
Datos insertados en SQLite exitosamente.
=====================================

=== Información del sistema ===
Fecha y hora: 2025-05-14 20:57:05
CPU Uso: CPU 1: 19.27% | CPU 2: 10.72% | CPU 3: 44.52% | CPU 4: 16.84% | CPU 5: 20.53% | CPU 6: 16.14% | CPU 7: 21.98% | CPU 8: 10.09%
Memoria total: 16221.05 MB, Memoria usada: 11643.56 MB
Procesos más demandantes de RAM:
[22052] Code.exe (Mem: 730.59 MB) | [8076] brave.exe (Mem: 421.18 MB) | [2452] brave.exe (Mem: 386.04 MB) | [19312] Code.exe (Mem: 336.72 MB) | [18764] Code.exe (Mem: 279.70 MB)
Discos:
[D:\][Tipo: HDD] Lectura: 4128.49 MB | Escritura: 6030.70 MB | [C:\][Tipo: SSD] Lectura: 28510.55 MB | Escritura: 29171.27 MB
Redes:
Wi-Fi: 123.08 Mbps (down) / 0.89 Mbps (up)
Datos insertados en SQLite exitosamente.
=====================================

=== Información del sistema ===
Fecha y hora: 2025-05-14 20:57:15
CPU Uso: CPU 1: 30.63% | CPU 2: 18.61% | CPU 3: 39.25% | CPU 4: 17.78% | CPU 5: 28.11% | CPU 6: 21.88% | CPU 7: 31.52% | CPU 8: 21.96%
Memoria total: 16221.05 MB, Memoria usada: 11541.88 MB
Procesos más demandantes de RAM:
[22052] Code.exe (Mem: 731.44 MB) | [8076] brave.exe (Mem: 418.74 MB) | [2452] brave.exe (Mem: 387.87 MB) | [19312] Code.exe (Mem: 337.57 MB) | [18764] Code.exe (Mem: 279.71 MB)
Discos:
[D:\][Tipo: HDD] Lectura: 4128.49 MB | Escritura: 6030.88 MB | [C:\][Tipo: SSD] Lectura: 28512.01 MB | Escritura: 29197.21 MB
Redes:
Wi-Fi: 36.47 Mbps (down) / 0.25 Mbps (up)
Datos insertados en SQLite exitosamente.
=====================================

=== Información del sistema ===
Fecha y hora: 2025-05-14 20:57:26
CPU Uso: CPU 1: 19.70% | CPU 2: 9.69% | CPU 3: 19.76% | CPU 4: 8.38% | CPU 5: 15.11% | CPU 6: 17.35% | CPU 7: 20.61% | CPU 8: 9.67%
Memoria total: 16221.05 MB, Memoria usada: 11519.36 MB
Procesos más demandantes de RAM:
[22052] Code.exe (Mem: 730.70 MB) | [8076] brave.exe (Mem: 418.74 MB) | [2452] brave.exe (Mem: 384.11 MB) | [19312] Code.exe (Mem: 338.39 MB) | [18764] Code.exe (Mem: 279.71 MB)
Discos:
[D:\][Tipo: HDD] Lectura: 4128.49 MB | Escritura: 6031.06 MB | [C:\][Tipo: SSD] Lectura: 28512.01 MB | Escritura: 29197.73 MB
Redes:
Wi-Fi: 0.02 Mbps (down) / 0.01 Mbps (up)
Datos insertados en SQLite exitosamente.
=====================================

=== Información del sistema ===
Fecha y hora: 2025-05-14 20:57:36
CPU Uso: CPU 1: 23.56% | CPU 2: 12.16% | CPU 3: 27.00% | CPU 4: 11.74% | CPU 5: 20.22% | CPU 6: 24.10% | CPU 7: 26.82% | CPU 8: 12.46%
Memoria total: 16221.05 MB, Memoria usada: 12194.77 MB
Procesos más demandantes de RAM:
[22052] Code.exe (Mem: 730.75 MB) | [12668] python.exe (Mem: 700.36 MB) | [8076] brave.exe (Mem: 418.74 MB) | [2452] brave.exe (Mem: 385.43 MB) | [19312] Code.exe (Mem: 339.14 MB)
Discos:
[D:\][Tipo: HDD] Lectura: 4128.49 MB | Escritura: 6031.25 MB | [C:\][Tipo: SSD] Lectura: 28512.09 MB | Escritura: 29198.06 MB
Redes:
Wi-Fi: 0.00 Mbps (down) / 0.00 Mbps (up)
Datos insertados en SQLite exitosamente.
=====================================

=== Información del sistema ===
Fecha y hora: 2025-05-14 20:57:47
CPU Uso: CPU 1: 31.58% | CPU 2: 17.02% | CPU 3: 32.00% | CPU 4: 18.21% | CPU 5: 26.90% | CPU 6: 22.15% | CPU 7: 29.43% | CPU 8: 16.75%
Memoria total: 16221.05 MB, Memoria usada: 13057.93 MB
Procesos más demandantes de RAM:
[12668] python.exe (Mem: 1540.68 MB) | [22052] Code.exe (Mem: 730.79 MB) | [8076] brave.exe (Mem: 418.74 MB) | [2452] brave.exe (Mem: 386.98 MB) | [19312] Code.exe (Mem: 339.30 MB)
Discos:
[D:\][Tipo: HDD] Lectura: 4128.49 MB | Escritura: 6031.43 MB | [C:\][Tipo: SSD] Lectura: 28512.16 MB | Escritura: 29198.83 MB
Redes:
Wi-Fi: 0.00 Mbps (down) / 0.00 Mbps (up)
Datos insertados en SQLite exitosamente.
=====================================

=== Información del sistema ===
Fecha y hora: 2025-05-14 20:57:57
CPU Uso: CPU 1: 38.04% | CPU 2: 19.56% | CPU 3: 36.99% | CPU 4: 24.15% | CPU 5: 32.31% | CPU 6: 27.10% | CPU 7: 36.31% | CPU 8: 21.78%
Memoria total: 16221.05 MB, Memoria usada: 13748.71 MB
Procesos más demandantes de RAM:
[12668] python.exe (Mem: 2391.02 MB) | [22052] Code.exe (Mem: 731.18 MB) | [8076] brave.exe (Mem: 418.74 MB) | [2452] brave.exe (Mem: 387.09 MB) | [19312] Code.exe (Mem: 339.71 MB)
Discos:
[D:\][Tipo: HDD] Lectura: 4128.49 MB | Escritura: 6031.57 MB | [C:\][Tipo: SSD] Lectura: 28512.92 MB | Escritura: 29217.07 MB
Redes:
Wi-Fi: 0.00 Mbps (down) / 0.00 Mbps (up)
Datos insertados en SQLite exitosamente.
=====================================

=== Información del sistema ===
Fecha y hora: 2025-05-14 20:58:07
CPU Uso: CPU 1: 36.87% | CPU 2: 25.50% | CPU 3: 33.85% | CPU 4: 26.13% | CPU 5: 25.79% | CPU 6: 29.36% | CPU 7: 30.89% | CPU 8: 20.39%
Memoria total: 16221.05 MB, Memoria usada: 11356.39 MB
Procesos más demandantes de RAM:
[22052] Code.exe (Mem: 731.01 MB) | [8076] brave.exe (Mem: 418.73 MB) | [2452] brave.exe (Mem: 386.48 MB) | [19312] Code.exe (Mem: 339.95 MB) | [11772] Code.exe (Mem: 276.62 MB)
Discos:
[D:\][Tipo: HDD] Lectura: 4128.49 MB | Escritura: 6031.76 MB | [C:\][Tipo: SSD] Lectura: 28513.55 MB | Escritura: 29217.75 MB
Redes:
Wi-Fi: 0.01 Mbps (down) / 0.01 Mbps (up)
Datos insertados en SQLite exitosamente.
=====================================

=== Información del sistema ===
Fecha y hora: 2025-05-14 20:58:18
CPU Uso: CPU 1: 53.13% | CPU 2: 36.89% | CPU 3: 44.95% | CPU 4: 44.58% | CPU 5: 47.66% | CPU 6: 41.74% | CPU 7: 47.27% | CPU 8: 61.94%
Memoria total: 16221.05 MB, Memoria usada: 11400.62 MB
Procesos más demandantes de RAM:
[22052] Code.exe (Mem: 730.80 MB) | [8076] brave.exe (Mem: 462.66 MB) | [2452] brave.exe (Mem: 389.50 MB) | [19312] Code.exe (Mem: 340.49 MB) | [11772] Code.exe (Mem: 277.73 MB)
Discos:
[D:\][Tipo: HDD] Lectura: 4128.49 MB | Escritura: 6032.00 MB | [C:\][Tipo: SSD] Lectura: 28513.74 MB | Escritura: 29218.10 MB
Redes:
Wi-Fi: 0.00 Mbps (down) / 0.00 Mbps (up)
Datos insertados en SQLite exitosamente.
=====================================

=== Información del sistema ===
Fecha y hora: 2025-05-14 20:58:28
CPU Uso: CPU 1: 56.08% | CPU 2: 36.92% | CPU 3: 49.24% | CPU 4: 44.49% | CPU 5: 50.46% | CPU 6: 40.89% | CPU 7: 47.82% | CPU 8: 58.38%
Memoria total: 16221.05 MB, Memoria usada: 11391.24 MB
Procesos más demandantes de RAM:
[22052] Code.exe (Mem: 730.77 MB) | [8076] brave.exe (Mem: 461.28 MB) | [2452] brave.exe (Mem: 383.72 MB) | [19312] Code.exe (Mem: 340.82 MB) | [11772] Code.exe (Mem: 277.64 MB)
Discos:
[D:\][Tipo: HDD] Lectura: 4128.49 MB | Escritura: 6032.13 MB | [C:\][Tipo: SSD] Lectura: 28513.84 MB | Escritura: 29218.63 MB
Redes:
Wi-Fi: 0.00 Mbps (down) / 0.00 Mbps (up)
Datos insertados en SQLite exitosamente.
=====================================

=== Información del sistema ===
Fecha y hora: 2025-05-14 20:58:39
CPU Uso: CPU 1: 50.14% | CPU 2: 36.28% | CPU 3: 45.71% | CPU 4: 42.08% | CPU 5: 44.52% | CPU 6: 46.11% | CPU 7: 44.27% | CPU 8: 60.31%
Memoria total: 16221.05 MB, Memoria usada: 11409.08 MB
Procesos más demandantes de RAM:
[22052] Code.exe (Mem: 730.77 MB) | [8076] brave.exe (Mem: 483.36 MB) | [2452] brave.exe (Mem: 384.50 MB) | [19312] Code.exe (Mem: 340.98 MB) | [11772] Code.exe (Mem: 277.45 MB)
Discos:
[D:\][Tipo: HDD] Lectura: 4128.49 MB | Escritura: 6032.32 MB | [C:\][Tipo: SSD] Lectura: 28514.55 MB | Escritura: 29219.27 MB
Redes:
Wi-Fi: 0.02 Mbps (down) / 0.00 Mbps (up)
Datos insertados en SQLite exitosamente.
=====================================

=== Información del sistema ===
Fecha y hora: 2025-05-14 20:58:49
CPU Uso: CPU 1: 51.82% | CPU 2: 36.33% | CPU 3: 42.83% | CPU 4: 40.11% | CPU 5: 43.42% | CPU 6: 36.37% | CPU 7: 42.70% | CPU 8: 52.42%
Memoria total: 16221.05 MB, Memoria usada: 11283.05 MB
Procesos más demandantes de RAM:
[8076] brave.exe (Mem: 478.89 MB) | [22052] Code.exe (Mem: 373.88 MB) | [19312] Code.exe (Mem: 341.04 MB) | [2452] brave.exe (Mem: 338.84 MB) | [11772] Code.exe (Mem: 276.23 MB)
Discos:
[D:\][Tipo: HDD] Lectura: 4128.49 MB | Escritura: 6032.55 MB | [C:\][Tipo: SSD] Lectura: 28516.31 MB | Escritura: 29253.69 MB
Redes:
Wi-Fi: 0.02 Mbps (down) / 0.00 Mbps (up)
Datos insertados en SQLite exitosamente.
=====================================

=== Información del sistema ===
Fecha y hora: 2025-05-14 20:59:00
CPU Uso: CPU 1: 29.30% | CPU 2: 14.46% | CPU 3: 27.58% | CPU 4: 20.10% | CPU 5: 22.44% | CPU 6: 20.41% | CPU 7: 27.83% | CPU 8: 31.24%
Memoria total: 16221.05 MB, Memoria usada: 11264.13 MB
Procesos más demandantes de RAM:
[8076] brave.exe (Mem: 450.22 MB) | [22052] Code.exe (Mem: 373.89 MB) | [19312] Code.exe (Mem: 341.48 MB) | [2452] brave.exe (Mem: 338.96 MB) | [11772] Code.exe (Mem: 276.70 MB)
Discos:
[D:\][Tipo: HDD] Lectura: 4128.49 MB | Escritura: 6032.69 MB | [C:\][Tipo: SSD] Lectura: 28516.52 MB | Escritura: 29254.12 MB
Redes:
Wi-Fi: 0.03 Mbps (down) / 0.04 Mbps (up)
Datos insertados en SQLite exitosamente.
=====================================

=== Información del sistema ===
Fecha y hora: 2025-05-14 20:59:10
CPU Uso: CPU 1: 26.97% | CPU 2: 11.11% | CPU 3: 21.41% | CPU 4: 15.44% | CPU 5: 22.28% | CPU 6: 16.14% | CPU 7: 23.21% | CPU 8: 34.89%
Memoria total: 16221.05 MB, Memoria usada: 11271.27 MB
Procesos más demandantes de RAM:
[8076] brave.exe (Mem: 446.34 MB) | [22052] Code.exe (Mem: 373.93 MB) | [19312] Code.exe (Mem: 343.72 MB) | [2452] brave.exe (Mem: 339.86 MB) | [11772] Code.exe (Mem: 277.46 MB)
Discos:
[D:\][Tipo: HDD] Lectura: 4128.49 MB | Escritura: 6032.92 MB | [C:\][Tipo: SSD] Lectura: 28516.64 MB | Escritura: 29254.94 MB
Redes:
Wi-Fi: 0.01 Mbps (down) / 0.01 Mbps (up)
Datos insertados en SQLite exitosamente.
=====================================

=== Información del sistema ===
Fecha y hora: 2025-05-14 20:59:20
CPU Uso: CPU 1: 25.95% | CPU 2: 12.50% | CPU 3: 24.85% | CPU 4: 14.44% | CPU 5: 23.29% | CPU 6: 21.68% | CPU 7: 25.01% | CPU 8: 17.41%
Memoria total: 16221.05 MB, Memoria usada: 11273.55 MB
Procesos más demandantes de RAM:
[8076] brave.exe (Mem: 456.36 MB) | [22052] Code.exe (Mem: 373.94 MB) | [19312] Code.exe (Mem: 346.20 MB) | [2452] brave.exe (Mem: 342.84 MB) | [11772] Code.exe (Mem: 277.75 MB)
Discos:
[D:\][Tipo: HDD] Lectura: 4128.49 MB | Escritura: 6033.09 MB | [C:\][Tipo: SSD] Lectura: 28516.89 MB | Escritura: 29255.60 MB
Redes:
Wi-Fi: 0.00 Mbps (down) / 0.00 Mbps (up)
Datos insertados en SQLite exitosamente.
=====================================

=== Información del sistema ===
Fecha y hora: 2025-05-14 20:59:31
CPU Uso: CPU 1: 48.45% | CPU 2: 31.51% | CPU 3: 47.36% | CPU 4: 36.21% | CPU 5: 45.25% | CPU 6: 36.53% | CPU 7: 42.95% | CPU 8: 47.18%
Memoria total: 16221.05 MB, Memoria usada: 11301.21 MB
Procesos más demandantes de RAM:
[8076] brave.exe (Mem: 487.90 MB) | [22052] Code.exe (Mem: 373.97 MB) | [19312] Code.exe (Mem: 346.24 MB) | [2452] brave.exe (Mem: 340.23 MB) | [11772] Code.exe (Mem: 277.46 MB)
Discos:
[D:\][Tipo: HDD] Lectura: 4128.49 MB | Escritura: 6033.21 MB | [C:\][Tipo: SSD] Lectura: 28517.28 MB | Escritura: 29256.52 MB
Redes:
Wi-Fi: 0.09 Mbps (down) / 0.02 Mbps (up)
Datos insertados en SQLite exitosamente.
=====================================

=== Información del sistema ===
Fecha y hora: 2025-05-14 20:59:41
CPU Uso: CPU 1: 44.58% | CPU 2: 27.09% | CPU 3: 38.03% | CPU 4: 32.95% | CPU 5: 37.67% | CPU 6: 30.68% | CPU 7: 39.82% | CPU 8: 42.04%
Memoria total: 16221.05 MB, Memoria usada: 11270.63 MB
Procesos más demandantes de RAM:
[8076] brave.exe (Mem: 453.94 MB) | [22052] Code.exe (Mem: 373.92 MB) | [19312] Code.exe (Mem: 347.30 MB) | [2452] brave.exe (Mem: 339.25 MB) | [11772] Code.exe (Mem: 277.66 MB)
Discos:
[D:\][Tipo: HDD] Lectura: 4128.49 MB | Escritura: 6033.45 MB | [C:\][Tipo: SSD] Lectura: 28517.55 MB | Escritura: 29257.30 MB
Redes:
Wi-Fi: 0.03 Mbps (down) / 0.32 Mbps (up)
Datos insertados en SQLite exitosamente.
=====================================

=== Información del sistema ===
Fecha y hora: 2025-05-15 20:28:41
CPU Uso: CPU 1: 0.86% | CPU 2: 0.27% | CPU 3: 7.61% | CPU 4: 0.29% | CPU 5: 3.80% | CPU 6: 0.87% | CPU 7: 1.34% | CPU 8: 0.36%
Memoria total: 16221.05 MB, Memoria usada: 10736.02 MB
Procesos más demandantes de CPU:
[18888] msedgewebview2.exe (CPU: 0.00%) | [4488] IntelCpHeciSvc.exe (CPU: 0.00%) | [6500] powershell.exe (CPU: 0.00%) | [19112] Spotify.exe (CPU: 0.00%) | [18832] Code.exe (CPU: 0.00%)
Procesos más demandantes de RAM:
[19312] Code.exe (Mem: 371.55 MB) | [2452] brave.exe (Mem: 369.34 MB) | [24368] brave.exe (Mem: 347.33 MB) | [22052] Code.exe (Mem: 338.17 MB) | [4256] rust-analyzer.exe (Mem: 321.49 MB)
Discos:
[D:\][Tipo: HDD] Lectura: 8880.64 MB | Escritura: 13098.21 MB | [C:\][Tipo: SSD] Lectura: 45030.47 MB | Escritura: 57825.47 MB
Redes:
Wi-Fi: 0.03 Mbps (down) / 0.04 Mbps (up)
Datos insertados en SQLite exitosamente.
=====================================

=== Información del sistema ===
Fecha y hora: 2025-05-15 20:28:47
CPU Uso: CPU 1: 3.20% | CPU 2: 3.31% | CPU 3: 7.00% | CPU 4: 3.34% | CPU 5: 6.26% | CPU 6: 2.29% | CPU 7: 5.11% | CPU 8: 2.37%
Memoria total: 16221.05 MB, Memoria usada: 10746.34 MB
Procesos más demandantes de CPU:
[3212] svchost.exe (CPU: 0.00%) | [20036] Code.exe (CPU: 0.00%) | [2020] svchost.exe (CPU: 0.00%) | [2596] svchost.exe (CPU: 0.00%) | [1488] svchost.exe (CPU: 0.00%)
Procesos más demandantes de RAM:
[2452] brave.exe (Mem: 370.73 MB) | [19312] Code.exe (Mem: 370.66 MB) | [24368] brave.exe (Mem: 356.07 MB) | [22052] Code.exe (Mem: 337.71 MB) | [4256] rust-analyzer.exe (Mem: 321.49 MB)
Discos:
[D:\][Tipo: HDD] Lectura: 8880.64 MB | Escritura: 13098.46 MB | [C:\][Tipo: SSD] Lectura: 45030.54 MB | Escritura: 57825.77 MB
Redes:
Wi-Fi: 0.01 Mbps (down) / 0.01 Mbps (up)
Datos insertados en SQLite exitosamente.
=====================================

=== Información del sistema ===
Fecha y hora: 2025-05-15 20:28:54
CPU Uso: CPU 1: 5.08% | CPU 2: 5.54% | CPU 3: 10.29% | CPU 4: 5.05% | CPU 5: 6.01% | CPU 6: 3.68% | CPU 7: 5.81% | CPU 8: 4.37%
Memoria total: 16221.05 MB, Memoria usada: 10709.13 MB
Procesos más demandantes de CPU:
[15912] ShellHost.exe (CPU: 0.00%) | [724] csrss.exe (CPU: 0.00%) | [21788] powershell.exe (CPU: 0.00%) | [2288] svchost.exe (CPU: 0.00%) | [7672] Code.exe (CPU: 0.00%)
Procesos más demandantes de RAM:
[2452] brave.exe (Mem: 370.99 MB) | [19312] Code.exe (Mem: 370.86 MB) | [24368] brave.exe (Mem: 353.04 MB) | [22052] Code.exe (Mem: 337.61 MB) | [4256] rust-analyzer.exe (Mem: 321.49 MB)
Discos:
[D:\][Tipo: HDD] Lectura: 8880.64 MB | Escritura: 13098.59 MB | [C:\][Tipo: SSD] Lectura: 45030.54 MB | Escritura: 57826.17 MB
Redes:
Wi-Fi: 0.00 Mbps (down) / 0.00 Mbps (up)
Datos insertados en SQLite exitosamente.
=====================================

=== Información del sistema ===
Fecha y hora: 2025-05-15 20:29:00
CPU Uso: CPU 1: 4.30% | CPU 2: 3.88% | CPU 3: 7.53% | CPU 4: 4.23% | CPU 5: 6.70% | CPU 6: 3.80% | CPU 7: 4.84% | CPU 8: 4.05%
Memoria total: 16221.05 MB, Memoria usada: 10665.37 MB
Procesos más demandantes de CPU:
[2780] svchost.exe (CPU: 0.00%) | [2088] svchost.exe (CPU: 0.00%) | [11872] CodeSetup-stable-91fa95bccb027ece6a968589bb1d662fa9c8e170.exe (CPU: 0.00%) | [3352] svchost.exe (CPU: 0.00%) | [11360] RuntimeBroker.exe (CPU: 0.00%)
Procesos más demandantes de RAM:
[2452] brave.exe (Mem: 371.25 MB) | [19312] Code.exe (Mem: 370.90 MB) | [24368] brave.exe (Mem: 348.07 MB) | [22052] Code.exe (Mem: 337.60 MB) | [4256] rust-analyzer.exe (Mem: 321.49 MB)
Discos:
[D:\][Tipo: HDD] Lectura: 8880.64 MB | Escritura: 13099.32 MB | [C:\][Tipo: SSD] Lectura: 45030.54 MB | Escritura: 57826.57 MB
Redes:
Wi-Fi: 0.01 Mbps (down) / 0.00 Mbps (up)
Datos insertados en SQLite exitosamente.
=====================================

=== Información del sistema ===
Fecha y hora: 2025-05-15 20:29:07
CPU Uso: CPU 1: 1.95% | CPU 2: 0.96% | CPU 3: 7.45% | CPU 4: 0.97% | CPU 5: 4.56% | CPU 6: 0.75% | CPU 7: 1.64% | CPU 8: 1.01%
Memoria total: 16221.05 MB, Memoria usada: 10696.21 MB
Procesos más demandantes de CPU:
[22968] rust-analyzer.exe (CPU: 0.00%) | [4744] msedgewebview2.exe (CPU: 0.00%) | [4512] mDNSResponder.exe (CPU: 0.00%) | [4692] WsidService.exe (CPU: 0.00%) | [12068] SearchIndexer.exe (CPU: 0.00%)
Procesos más demandantes de RAM:
[2452] brave.exe (Mem: 371.50 MB) | [19312] Code.exe (Mem: 370.57 MB) | [24368] brave.exe (Mem: 369.22 MB) | [22052] Code.exe (Mem: 337.55 MB) | [4256] rust-analyzer.exe (Mem: 321.49 MB)
Discos:
[D:\][Tipo: HDD] Lectura: 8880.64 MB | Escritura: 13099.46 MB | [C:\][Tipo: SSD] Lectura: 45030.54 MB | Escritura: 57827.70 MB
Redes:
Wi-Fi: 0.00 Mbps (down) / 0.00 Mbps (up)
Datos insertados en SQLite exitosamente.
=====================================

=== Información del sistema ===
Fecha y hora: 2025-05-15 20:29:13
CPU Uso: CPU 1: 4.46% | CPU 2: 2.25% | CPU 3: 8.75% | CPU 4: 2.79% | CPU 5: 5.16% | CPU 6: 2.53% | CPU 7: 3.94% | CPU 8: 2.75%
Memoria total: 16221.05 MB, Memoria usada: 10673.27 MB
Procesos más demandantes de CPU:
[13324] lghub_agent.exe (CPU: 0.21%) | [3604] Trading Paints.exe (CPU: 0.11%) | [12224] WhatsApp.exe (CPU: 0.08%) | [13688] lghub_system_tray.exe (CPU: 0.07%) | [9168] nvcontainer.exe (CPU: 0.06%)
Procesos más demandantes de RAM:
[2452] brave.exe (Mem: 371.89 MB) | [19312] Code.exe (Mem: 370.63 MB) | [24368] brave.exe (Mem: 359.30 MB) | [22052] Code.exe (Mem: 337.61 MB) | [4256] rust-analyzer.exe (Mem: 321.49 MB)
Discos:
[D:\][Tipo: HDD] Lectura: 8880.64 MB | Escritura: 13099.60 MB | [C:\][Tipo: SSD] Lectura: 45030.54 MB | Escritura: 57828.46 MB
Redes:
Wi-Fi: 0.00 Mbps (down) / 0.00 Mbps (up)
Datos insertados en SQLite exitosamente.
=====================================

=== Información del sistema ===
Fecha y hora: 2025-05-15 20:29:20
CPU Uso: CPU 1: 2.31% | CPU 2: 0.97% | CPU 3: 7.76% | CPU 4: 0.94% | CPU 5: 4.20% | CPU 6: 1.04% | CPU 7: 1.94% | CPU 8: 1.63%
Memoria total: 16221.05 MB, Memoria usada: 10680.32 MB
Procesos más demandantes de CPU:
[17352] MicrosoftEdgeUpdate.exe (CPU: 0.00%) | [2416] svchost.exe (CPU: 0.00%) | [19316] RuntimeBroker.exe (CPU: 0.00%) | [7620] svchost.exe (CPU: 0.00%) | [4956] logi_lamparray_service.exe (CPU: 0.00%)
Procesos más demandantes de RAM:
[2452] brave.exe (Mem: 372.73 MB) | [19312] Code.exe (Mem: 370.62 MB) | [24368] brave.exe (Mem: 368.33 MB) | [22052] Code.exe (Mem: 337.61 MB) | [4256] rust-analyzer.exe (Mem: 321.49 MB)
Discos:
[D:\][Tipo: HDD] Lectura: 8880.64 MB | Escritura: 13099.78 MB | [C:\][Tipo: SSD] Lectura: 45030.70 MB | Escritura: 57828.56 MB
Redes:
Wi-Fi: 0.02 Mbps (down) / 0.01 Mbps (up)
Datos insertados en SQLite exitosamente.
=====================================

=== Información del sistema ===
Fecha y hora: 2025-05-15 20:29:26
CPU Uso: CPU 1: 6.91% | CPU 2: 3.35% | CPU 3: 9.01% | CPU 4: 3.17% | CPU 5: 7.53% | CPU 6: 3.56% | CPU 7: 6.74% | CPU 8: 3.06%
Memoria total: 16221.05 MB, Memoria usada: 10665.47 MB
Procesos más demandantes de CPU:
[10800] conhost.exe (CPU: 0.00%) | [22800] conhost.exe (CPU: 0.00%) | [2704] svchost.exe (CPU: 0.00%) | [11644] unsecapp.exe (CPU: 0.00%) | [18764] Code.exe (CPU: 0.00%)
Procesos más demandantes de RAM:
[2452] brave.exe (Mem: 372.68 MB) | [19312] Code.exe (Mem: 370.79 MB) | [24368] brave.exe (Mem: 355.11 MB) | [22052] Code.exe (Mem: 337.61 MB) | [4256] rust-analyzer.exe (Mem: 321.49 MB)
Discos:
[D:\][Tipo: HDD] Lectura: 8880.64 MB | Escritura: 13099.90 MB | [C:\][Tipo: SSD] Lectura: 45031.33 MB | Escritura: 57828.86 MB
Redes:
Wi-Fi: 0.01 Mbps (down) / 0.01 Mbps (up)
Datos insertados en SQLite exitosamente.
=====================================

=== Información del sistema ===
Fecha y hora: 2025-05-15 20:31:50
CPU Uso: CPU 1: 2.33% | CPU 2: 0.73% | CPU 3: 2.24% | CPU 4: 1.91% | CPU 5: 2.12% | CPU 6: 1.79% | CPU 7: 2.30% | CPU 8: 1.23%
Memoria total: 16221.05 MB, Memoria usada: 10734.59 MB
Procesos más demandantes de CPU:
[2452] brave.exe (CPU: 4.04%) | [3208] brave.exe (CPU: 1.73%) | [8076] brave.exe (CPU: 0.55%) | [17624] brave.exe (CPU: 0.51%) | [18832] Code.exe (CPU: 0.32%)
Procesos más demandantes de RAM:
[19312] Code.exe (Mem: 431.75 MB) | [2452] brave.exe (Mem: 363.47 MB) | [24368] brave.exe (Mem: 362.96 MB) | [22052] Code.exe (Mem: 340.99 MB) | [4256] rust-analyzer.exe (Mem: 321.81 MB)
Discos:
[D:\][Tipo: HDD] Lectura: 8880.70 MB | Escritura: 13155.23 MB | [C:\][Tipo: SSD] Lectura: 45052.23 MB | Escritura: 57886.80 MB
Redes:
Wi-Fi: 0.02 Mbps (down) / 0.01 Mbps (up)
Datos insertados en SQLite exitosamente.
=====================================

=== Información del sistema ===
Fecha y hora: 2025-05-15 20:32:01
CPU Uso: CPU 1: 2.44% | CPU 2: 1.25% | CPU 3: 2.87% | CPU 4: 1.20% | CPU 5: 2.39% | CPU 6: 1.83% | CPU 7: 2.16% | CPU 8: 1.55%
Memoria total: 16221.05 MB, Memoria usada: 10653.48 MB
Procesos más demandantes de CPU:
[18832] Code.exe (CPU: 1.77%) | [15868] Code.exe (CPU: 1.42%) | [11772] Code.exe (CPU: 1.22%) | [7012] FxSound.exe (CPU: 0.53%) | [3968] Code.exe (CPU: 0.33%)
Procesos más demandantes de RAM:
[19312] Code.exe (Mem: 371.70 MB) | [2452] brave.exe (Mem: 361.26 MB) | [24368] brave.exe (Mem: 357.98 MB) | [22052] Code.exe (Mem: 340.36 MB) | [4256] rust-analyzer.exe (Mem: 321.81 MB)
Discos:
[D:\][Tipo: HDD] Lectura: 8880.73 MB | Escritura: 13155.61 MB | [C:\][Tipo: SSD] Lectura: 45070.29 MB | Escritura: 57888.79 MB
Redes:
Wi-Fi: 0.00 Mbps (down) / 0.01 Mbps (up)
Datos insertados en SQLite exitosamente.
=====================================

=== Información del sistema ===
Fecha y hora: 2025-05-15 20:32:11
CPU Uso: CPU 1: 2.90% | CPU 2: 2.17% | CPU 3: 4.19% | CPU 4: 2.18% | CPU 5: 3.19% | CPU 6: 2.59% | CPU 7: 3.16% | CPU 8: 1.64%
Memoria total: 16221.05 MB, Memoria usada: 10706.80 MB
Procesos más demandantes de CPU:
[18984] explorer.exe (CPU: 0.86%) | [18832] Code.exe (CPU: 0.52%) | [15868] Code.exe (CPU: 0.44%) | [17624] brave.exe (CPU: 0.37%) | [3968] Code.exe (CPU: 0.33%)
Procesos más demandantes de RAM:
[19312] Code.exe (Mem: 371.56 MB) | [2452] brave.exe (Mem: 361.26 MB) | [24368] brave.exe (Mem: 357.98 MB) | [22052] Code.exe (Mem: 340.19 MB) | [4256] rust-analyzer.exe (Mem: 321.81 MB)
Discos:
[D:\][Tipo: HDD] Lectura: 8882.53 MB | Escritura: 13155.90 MB | [C:\][Tipo: SSD] Lectura: 45087.83 MB | Escritura: 57892.18 MB
Redes:
Wi-Fi: 0.06 Mbps (down) / 0.01 Mbps (up)
Datos insertados en SQLite exitosamente.
=====================================

=== Información del sistema ===
Fecha y hora: 2025-05-15 20:32:21
CPU Uso: CPU 1: 3.02% | CPU 2: 1.85% | CPU 3: 2.92% | CPU 4: 1.77% | CPU 5: 3.72% | CPU 6: 2.20% | CPU 7: 3.04% | CPU 8: 1.52%
Memoria total: 16221.05 MB, Memoria usada: 10655.56 MB
Procesos más demandantes de CPU:
[12224] WhatsApp.exe (CPU: 1.36%) | [13324] lghub_agent.exe (CPU: 0.42%) | [3968] Code.exe (CPU: 0.36%) | [18832] Code.exe (CPU: 0.36%) | [17624] brave.exe (CPU: 0.29%)
Procesos más demandantes de RAM:
[19312] Code.exe (Mem: 363.61 MB) | [24368] brave.exe (Mem: 361.53 MB) | [2452] brave.exe (Mem: 360.95 MB) | [22052] Code.exe (Mem: 338.12 MB) | [18832] Code.exe (Mem: 302.08 MB)
Discos:
[D:\][Tipo: HDD] Lectura: 8916.90 MB | Escritura: 13156.73 MB | [C:\][Tipo: SSD] Lectura: 45093.53 MB | Escritura: 57922.33 MB
Redes:
Wi-Fi: 0.01 Mbps (down) / 0.01 Mbps (up)
Datos insertados en SQLite exitosamente.
=====================================

=== Información del sistema ===
Fecha y hora: 2025-05-15 20:32:31
CPU Uso: CPU 1: 4.35% | CPU 2: 2.30% | CPU 3: 4.42% | CPU 4: 2.25% | CPU 5: 4.63% | CPU 6: 2.37% | CPU 7: 3.94% | CPU 8: 2.17%
Memoria total: 16221.05 MB, Memoria usada: 10725.29 MB
Procesos más demandantes de CPU:
[21444] Taskmgr.exe (CPU: 5.25%) | [12224] WhatsApp.exe (CPU: 2.20%) | [18984] explorer.exe (CPU: 0.94%) | [3968] Code.exe (CPU: 0.55%) | [7012] FxSound.exe (CPU: 0.48%)
Procesos más demandantes de RAM:
[2452] brave.exe (Mem: 372.01 MB) | [19312] Code.exe (Mem: 363.56 MB) | [24368] brave.exe (Mem: 357.61 MB) | [22052] Code.exe (Mem: 338.07 MB) | [18832] Code.exe (Mem: 302.99 MB)
Discos:
[D:\][Tipo: HDD] Lectura: 8944.12 MB | Escritura: 13156.90 MB | [C:\][Tipo: SSD] Lectura: 45095.63 MB | Escritura: 57923.42 MB
Redes:
Wi-Fi: 0.02 Mbps (down) / 0.01 Mbps (up)
Datos insertados en SQLite exitosamente.
=====================================

=== Información del sistema ===
Fecha y hora: 2025-05-15 20:32:42
CPU Uso: CPU 1: 6.40% | CPU 2: 4.85% | CPU 3: 6.82% | CPU 4: 4.78% | CPU 5: 6.40% | CPU 6: 5.16% | CPU 7: 6.73% | CPU 8: 5.07%
Memoria total: 16221.05 MB, Memoria usada: 10907.16 MB
Procesos más demandantes de CPU:
[21444] Taskmgr.exe (CPU: 4.24%) | [11772] Code.exe (CPU: 3.63%) | [15868] Code.exe (CPU: 2.98%) | [18984] explorer.exe (CPU: 2.02%) | [3968] Code.exe (CPU: 1.60%)
Procesos más demandantes de RAM:
[2452] brave.exe (Mem: 373.02 MB) | [19312] Code.exe (Mem: 363.62 MB) | [24368] brave.exe (Mem: 357.61 MB) | [22052] Code.exe (Mem: 338.21 MB) | [18832] Code.exe (Mem: 304.13 MB)
Discos:
[D:\][Tipo: HDD] Lectura: 8944.12 MB | Escritura: 13157.34 MB | [C:\][Tipo: SSD] Lectura: 45105.01 MB | Escritura: 57923.92 MB
Redes:
Wi-Fi: 0.00 Mbps (down) / 0.00 Mbps (up)
Datos insertados en SQLite exitosamente.
=====================================

=== Información del sistema ===
Fecha y hora: 2025-05-15 20:32:52
CPU Uso: CPU 1: 4.16% | CPU 2: 2.39% | CPU 3: 4.81% | CPU 4: 2.62% | CPU 5: 4.27% | CPU 6: 3.03% | CPU 7: 3.85% | CPU 8: 2.77%
Memoria total: 16221.05 MB, Memoria usada: 10778.35 MB
Procesos más demandantes de CPU:
[11772] Code.exe (CPU: 4.35%) | [15868] Code.exe (CPU: 2.68%) | [21444] Taskmgr.exe (CPU: 2.67%) | [3968] Code.exe (CPU: 1.64%) | [7012] FxSound.exe (CPU: 0.57%)
Procesos más demandantes de RAM:
[2452] brave.exe (Mem: 373.52 MB) | [19312] Code.exe (Mem: 363.59 MB) | [24368] brave.exe (Mem: 356.45 MB) | [22052] Code.exe (Mem: 338.18 MB) | [18832] Code.exe (Mem: 304.79 MB)
Discos:
[D:\][Tipo: HDD] Lectura: 8944.12 MB | Escritura: 13157.50 MB | [C:\][Tipo: SSD] Lectura: 45113.57 MB | Escritura: 57924.71 MB
Redes:
Wi-Fi: 0.02 Mbps (down) / 0.04 Mbps (up)
Datos insertados en SQLite exitosamente.
=====================================

=== Información del sistema ===
Fecha y hora: 2025-05-15 20:33:18
CPU Uso: CPU 1: 9.60% | CPU 2: 8.77% | CPU 3: 10.06% | CPU 4: 8.81% | CPU 5: 9.70% | CPU 6: 8.86% | CPU 7: 9.44% | CPU 8: 8.79%
Memoria total: 16221.05 MB, Memoria usada: 10887.61 MB
Procesos más demandantes de CPU:
[21444] Taskmgr.exe (CPU: 3.53%) | [11772] Code.exe (CPU: 2.47%) | [15868] Code.exe (CPU: 1.14%) | [3968] Code.exe (CPU: 0.89%) | [22052] Code.exe (CPU: 0.34%)
Procesos más demandantes de RAM:
[2452] brave.exe (Mem: 378.70 MB) | [19312] Code.exe (Mem: 363.59 MB) | [24368] brave.exe (Mem: 357.96 MB) | [22052] Code.exe (Mem: 339.98 MB) | [18832] Code.exe (Mem: 305.74 MB)
Discos:
[D:\][Tipo: HDD] Lectura: 8944.12 MB | Escritura: 13157.78 MB | [C:\][Tipo: SSD] Lectura: 45114.01 MB | Escritura: 57926.34 MB
Redes:
Wi-Fi: 0.00 Mbps (down) / 0.00 Mbps (up)
Datos insertados en SQLite exitosamente.
=====================================

